<?xml version="1.0" encoding="UTF-8"?>
<testsuite name="QuickTest" tests="1" skipped="0" failures="0" errors="0" timestamp="2021-08-30T14:55:32" hostname="ILYA-LAPTOP" time="0.001">
  <properties/>
  <testcase name="quickTest" classname="QuickTest" time="0.001"/>
  <system-out><![CDATA[17:55:32  INFO  TestBase - Start method -->quickTest
17:55:32  INFO  TestBase - Test Start with Data -->[]
17:55:32  INFO  TestBase - ==================================================================
I'm Quick Test
17:55:32  INFO  TestBase - End of method -->quickTest
]]></system-out>
  <system-err><![CDATA[]]></system-err>
</testsuite>
