<?xml version="1.0" encoding="UTF-8"?>
<testsuite name="SmokeTest" tests="1" skipped="0" failures="0" errors="0" timestamp="2021-07-29T17:52:41" hostname="ILYA-LAPTOP" time="0.04">
  <properties/>
  <testcase name="smokeTest" classname="SmokeTest" time="0.04"/>
  <system-out><![CDATA[I'm Smoke Test
]]></system-out>
  <system-err><![CDATA[]]></system-err>
</testsuite>
