<?xml version="1.0" encoding="UTF-8"?>
<testsuite name="SmokeTest" tests="1" skipped="0" failures="0" errors="0" timestamp="2021-08-30T14:55:32" hostname="ILYA-LAPTOP" time="0.002">
  <properties/>
  <testcase name="smokeTest" classname="SmokeTest" time="0.002"/>
  <system-out><![CDATA[17:55:32  INFO  TestBase - Start method -->smokeTest
17:55:32  INFO  TestBase - Test Start with Data -->[]
17:55:32  INFO  TestBase - ==================================================================
I'm Smoke Test
17:55:32  INFO  TestBase - End of method -->smokeTest
]]></system-out>
  <system-err><![CDATA[]]></system-err>
</testsuite>
